<?xml version="1.0" encoding="UTF-8"?>
<!-- Generated by org.testng.reporters.JUnitReportReporter -->
<testsuite hostname="DESKTOP-J81GBTP" failures="0" tests="1" name="practice1.SimpleGetRequestWithQueryParam" time="4.252" errors="0" timestamp="2025-02-15T19:22:11 IST" skipped="0">
  <testcase classname="practice1.SimpleGetRequestWithQueryParam" name="sendGetRequest" time="4.252"/>
  <system-out/>
</testsuite> <!-- practice1.SimpleGetRequestWithQueryParam -->
